<?xml version="1.0" encoding="UTF-8"?>
<!-- Generated by org.testng.reporters.JUnitReportReporter -->
<testsuite skipped="0" hostname="LAPTOP-FLHPVMKE" name="automation.TestProject.TitleCheck" tests="5" failures="0" timestamp="31 Mar 2018 03:22:29 GMT" time="17.227" errors="0">
  <testcase name="WWHomeTitleCheck" time="9.187" classname="automation.TestProject.TitleCheck"/>
  <testcase name="clickOnFind_A_Meeting" time="5.140" classname="automation.TestProject.TitleCheck"/>
  <testcase name="enterSearchBox" time="1.150" classname="automation.TestProject.TitleCheck"/>
  <testcase name="resultTitleMatch" time="1.437" classname="automation.TestProject.TitleCheck"/>
  <testcase name="displayHoursofOperation" time="0.313" classname="automation.TestProject.TitleCheck"/>
</testsuite> <!-- automation.TestProject.TitleCheck -->
